<?xml version="1.0" encoding="UTF-8"?>
<!-- Generated by org.testng.reporters.JUnitXMLReporter -->
<testsuite ignored="0" hostname="LAPTOP-2HGBSJMG" failures="0" tests="3" name="OrangeHRM Functional Tests" time="37.324" errors="0" timestamp="12 Oct 2021 10:04:44 GMT">
  <testcase classname="com.qa.testcases.LoginTest_001" name="headerTest" time="0.29"/>
  <testcase classname="com.qa.testcases.LoginTest_001" name="loginTest" time="6.895"/>
  <testcase classname="com.qa.testcases.Recruitement_Add_candidates_002" name="addCandidateTest" time="11.919"/>
</testsuite> <!-- OrangeHRM Functional Tests -->
