<?xml version="1.0" encoding="UTF-8"?>
<testng-results ignored="0" total="3" passed="3" failed="0" skipped="0">
  <reporter-output>
  </reporter-output>
  <suite started-at="2021-10-12T10:04:07Z" name="OrangeHRM" finished-at="2021-10-12T10:04:44Z" duration-ms="37324">
    <groups>
    </groups>
    <test started-at="2021-10-12T10:04:07Z" name="OrangeHRM Functional Tests" finished-at="2021-10-12T10:04:44Z" duration-ms="37324">
      <class name="com.qa.testcases.Recruitement_Add_candidates_002">
        <test-method is-config="true" signature="setUp(java.lang.String)[pri:0, instance:com.qa.testcases.Recruitement_Add_candidates_002@157853da]" started-at="2021-10-12T10:04:24Z" name="setUp" finished-at="2021-10-12T10:04:31Z" duration-ms="7397" status="PASS">
          <params>
            <param index="0">
              <value>
                <![CDATA[chrome]]>
              </value>
            </param>
          </params>
          <reporter-output>
          </reporter-output>
        </test-method> <!-- setUp -->
        <test-method signature="addCandidateTest()[pri:0, instance:com.qa.testcases.Recruitement_Add_candidates_002@157853da]" started-at="2021-10-12T10:04:31Z" name="addCandidateTest" finished-at="2021-10-12T10:04:43Z" duration-ms="11919" status="PASS">
          <reporter-output>
          </reporter-output>
        </test-method> <!-- addCandidateTest -->
        <test-method is-config="true" signature="tearDown()[pri:0, instance:com.qa.testcases.Recruitement_Add_candidates_002@157853da]" started-at="2021-10-12T10:04:43Z" name="tearDown" finished-at="2021-10-12T10:04:44Z" duration-ms="813" status="PASS">
          <reporter-output>
          </reporter-output>
        </test-method> <!-- tearDown -->
      </class> <!-- com.qa.testcases.Recruitement_Add_candidates_002 -->
      <class name="com.qa.testcases.LoginTest_001">
        <test-method is-config="true" signature="setUp(java.lang.String)[pri:0, instance:com.qa.testcases.LoginTest_001@343570b7]" started-at="2021-10-12T10:04:07Z" name="setUp" finished-at="2021-10-12T10:04:16Z" duration-ms="8396" status="PASS">
          <params>
            <param index="0">
              <value>
                <![CDATA[chrome]]>
              </value>
            </param>
          </params>
          <reporter-output>
          </reporter-output>
        </test-method> <!-- setUp -->
        <test-method signature="headerTest()[pri:0, instance:com.qa.testcases.LoginTest_001@343570b7]" started-at="2021-10-12T10:04:16Z" name="headerTest" finished-at="2021-10-12T10:04:16Z" duration-ms="290" status="PASS">
          <reporter-output>
          </reporter-output>
        </test-method> <!-- headerTest -->
        <test-method signature="loginTest()[pri:0, instance:com.qa.testcases.LoginTest_001@343570b7]" started-at="2021-10-12T10:04:16Z" name="loginTest" finished-at="2021-10-12T10:04:23Z" duration-ms="6895" status="PASS">
          <reporter-output>
          </reporter-output>
        </test-method> <!-- loginTest -->
        <test-method is-config="true" signature="tearDown()[pri:0, instance:com.qa.testcases.LoginTest_001@343570b7]" started-at="2021-10-12T10:04:23Z" name="tearDown" finished-at="2021-10-12T10:04:24Z" duration-ms="859" status="PASS">
          <reporter-output>
          </reporter-output>
        </test-method> <!-- tearDown -->
      </class> <!-- com.qa.testcases.LoginTest_001 -->
    </test> <!-- OrangeHRM Functional Tests -->
  </suite> <!-- OrangeHRM -->
</testng-results>
